[musk] train=4598 val=1000 test=1000
[musk] imbalance ratio 5.403899721448468
  0%|          | 0/20 [00:00<?, ?it/s]  5%|▌         | 1/20 [05:45<1:49:24, 345.49s/it] 10%|█         | 2/20 [11:47<1:46:36, 355.37s/it] 15%|█▌        | 3/20 [16:05<1:28:00, 310.63s/it] 20%|██        | 4/20 [20:17<1:16:39, 287.47s/it]/usr/local/lib/python3.9/site-packages/sklearn/linear_model/_logistic.py:444: ConvergenceWarning: lbfgs failed to converge (status=1):
STOP: TOTAL NO. of ITERATIONS REACHED LIMIT.

Increase the number of iterations (max_iter) or scale the data as shown in:
    https://scikit-learn.org/stable/modules/preprocessing.html
Please also refer to the documentation for alternative solver options:
    https://scikit-learn.org/stable/modules/linear_model.html#logistic-regression
  n_iter_i = _check_optimize_result(
 25%|██▌       | 5/20 [25:30<1:14:14, 296.95s/it]Another attempt to get labeled set
Another attempt to get labeled set
Another attempt to get labeled set
Another attempt to get labeled set
Another attempt to get labeled set
Another attempt to get labeled set
[musk] imbalance ratio 1.0
[musk] imbalance ratio 2.0
[musk] imbalance ratio 3.0
[musk] imbalance ratio 1.5
[musk] imbalance ratio 2.0
[musk] imbalance ratio 2.5
[musk] imbalance ratio 3.0
[musk] imbalance ratio 3.5
[musk] imbalance ratio 4.0
[musk] imbalance ratio 4.5
[musk] imbalance ratio 5.0
[musk] imbalance ratio 5.5
[musk] imbalance ratio 6.0
[musk] imbalance ratio 6.5
[musk] imbalance ratio 7.0
[musk] imbalance ratio 4.666666666666667
[musk] imbalance ratio 5.0
[musk] imbalance ratio 5.333333333333333
[musk] imbalance ratio 5.666666666666667
[musk] imbalance ratio 4.25
[musk] imbalance ratio 3.4
[musk] imbalance ratio 3.6
[musk] imbalance ratio 3.8
[musk] imbalance ratio 3.1666666666666665
[musk] imbalance ratio 3.3333333333333335
[musk] imbalance ratio 2.857142857142857
[musk] imbalance ratio 3.0
[musk] imbalance ratio 3.142857142857143
[musk] imbalance ratio 3.2857142857142856
[musk] imbalance ratio 3.4285714285714284
[musk] imbalance ratio 3.5714285714285716
[musk] imbalance ratio 3.7142857142857144
[musk] imbalance ratio 3.857142857142857
[musk] imbalance ratio 3.375
[musk] imbalance ratio 3.5
[musk] imbalance ratio 3.625
[musk] imbalance ratio 3.75
[musk] imbalance ratio 3.875
[musk] imbalance ratio 3.4444444444444446
[musk] imbalance ratio 3.1
[musk] imbalance ratio 3.2
[musk] imbalance ratio 3.3
[musk] imbalance ratio 3.4
[musk] imbalance ratio 3.5
[musk] imbalance ratio 3.6
Another attempt to get labeled set
[musk] imbalance ratio 1.0
[musk] imbalance ratio 2.0
[musk] imbalance ratio 3.0
[musk] imbalance ratio 4.0
[musk] imbalance ratio 5.0
[musk] imbalance ratio 2.5
[musk] imbalance ratio 3.0
[musk] imbalance ratio 3.5
[musk] imbalance ratio 2.3333333333333335
[musk] imbalance ratio 2.6666666666666665
[musk] imbalance ratio 3.0
[musk] imbalance ratio 3.3333333333333335
[musk] imbalance ratio 2.5
[musk] imbalance ratio 2.75
[musk] imbalance ratio 3.0
[musk] imbalance ratio 3.25
[musk] imbalance ratio 3.5
[musk] imbalance ratio 2.8
[musk] imbalance ratio 3.0
[musk] imbalance ratio 2.5
[musk] imbalance ratio 2.6666666666666665
[musk] imbalance ratio 2.8333333333333335
[musk] imbalance ratio 3.0
[musk] imbalance ratio 2.5714285714285716
[musk] imbalance ratio 2.7142857142857144
[musk] imbalance ratio 2.857142857142857
[musk] imbalance ratio 3.0
[musk] imbalance ratio 3.142857142857143
[musk] imbalance ratio 2.75
[musk] imbalance ratio 2.875
[musk] imbalance ratio 3.0
[musk] imbalance ratio 3.125
[musk] imbalance ratio 3.25
[musk] imbalance ratio 3.375
[musk] imbalance ratio 3.5
[musk] imbalance ratio 3.625
[musk] imbalance ratio 3.75
[musk] imbalance ratio 3.3333333333333335
[musk] imbalance ratio 3.4444444444444446
[musk] imbalance ratio 3.1
[musk] imbalance ratio 3.2
[musk] imbalance ratio 3.3
[musk] imbalance ratio 3.0
[musk] imbalance ratio 3.090909090909091
[musk] imbalance ratio 3.1818181818181817
[musk] imbalance ratio 1.0
[musk] imbalance ratio 2.0
[musk] imbalance ratio 3.0
[musk] imbalance ratio 4.0
[musk] imbalance ratio 5.0
[musk] imbalance ratio 6.0
[musk] imbalance ratio 7.0
[musk] imbalance ratio 3.5
[musk] imbalance ratio 4.0
[musk] imbalance ratio 4.5
[musk] imbalance ratio 5.0
[musk] imbalance ratio 5.5
[musk] imbalance ratio 6.0
[musk] imbalance ratio 6.5
[musk] imbalance ratio 7.0
[musk] imbalance ratio 7.5
[musk] imbalance ratio 8.0
[musk] imbalance ratio 8.5
[musk] imbalance ratio 9.0
[musk] imbalance ratio 9.5
[musk] imbalance ratio 10.0
[musk] imbalance ratio 10.5
[musk] imbalance ratio 11.0
[musk] imbalance ratio 11.5
[musk] imbalance ratio 7.666666666666667
[musk] imbalance ratio 8.0
[musk] imbalance ratio 8.333333333333334
[musk] imbalance ratio 8.666666666666666
[musk] imbalance ratio 9.0
[musk] imbalance ratio 9.333333333333334
[musk] imbalance ratio 9.666666666666666
[musk] imbalance ratio 10.0
[musk] imbalance ratio 7.5
[musk] imbalance ratio 7.75
[musk] imbalance ratio 8.0
[musk] imbalance ratio 6.4
[musk] imbalance ratio 6.6
[musk] imbalance ratio 6.8
[musk] imbalance ratio 7.0
[musk] imbalance ratio 7.2
[musk] imbalance ratio 7.4
[musk] imbalance ratio 7.6
[musk] imbalance ratio 6.333333333333333
[musk] imbalance ratio 6.5
[musk] imbalance ratio 6.666666666666667
Another attempt to get labeled set
Another attempt to get labeled set
[musk] imbalance ratio 1.0
[musk] imbalance ratio 2.0
[musk] imbalance ratio 3.0
[musk] imbalance ratio 4.0
[musk] imbalance ratio 5.0
[musk] imbalance ratio 6.0
[musk] imbalance ratio 7.0
[musk] imbalance ratio 8.0
[musk] imbalance ratio 9.0
[musk] imbalance ratio 10.0
[musk] imbalance ratio 11.0
[musk] imbalance ratio 12.0
[musk] imbalance ratio 13.0
[musk] imbalance ratio 14.0
[musk] imbalance ratio 7.0
[musk] imbalance ratio 7.5
[musk] imbalance ratio 8.0
[musk] imbalance ratio 8.5
[musk] imbalance ratio 9.0
[musk] imbalance ratio 9.5
[musk] imbalance ratio 10.0
[musk] imbalance ratio 10.5
[musk] imbalance ratio 11.0
[musk] imbalance ratio 11.5
[musk] imbalance ratio 12.0
[musk] imbalance ratio 12.5
[musk] imbalance ratio 13.0
[musk] imbalance ratio 8.666666666666666
[musk] imbalance ratio 9.0
[musk] imbalance ratio 9.333333333333334
[musk] imbalance ratio 9.666666666666666
[musk] imbalance ratio 10.0
[musk] imbalance ratio 10.333333333333334
[musk] imbalance ratio 10.666666666666666
[musk] imbalance ratio 11.0
[musk] imbalance ratio 11.333333333333334
[musk] imbalance ratio 11.666666666666666
[musk] imbalance ratio 12.0
[musk] imbalance ratio 12.333333333333334
[musk] imbalance ratio 12.666666666666666
[musk] imbalance ratio 13.0
[musk] imbalance ratio 13.333333333333334
[musk] imbalance ratio 13.666666666666666
[musk] imbalance ratio 14.0
[musk] imbalance ratio 14.333333333333334
Another attempt to get labeled set
Another attempt to get labeled set
Another attempt to get labeled set
Another attempt to get labeled set
[musk] imbalance ratio 1.0
[musk] imbalance ratio 2.0
[musk] imbalance ratio 3.0
[musk] imbalance ratio 4.0
[musk] imbalance ratio 5.0
[musk] imbalance ratio 2.5
[musk] imbalance ratio 3.0
[musk] imbalance ratio 2.0
[musk] imbalance ratio 2.3333333333333335
[musk] imbalance ratio 2.6666666666666665
[musk] imbalance ratio 3.0
[musk] imbalance ratio 3.3333333333333335
[musk] imbalance ratio 2.5
[musk] imbalance ratio 2.0
[musk] imbalance ratio 2.2
[musk] imbalance ratio 1.8333333333333333
[musk] imbalance ratio 2.0
[musk] imbalance ratio 2.1666666666666665
[musk] imbalance ratio 2.3333333333333335
[musk] imbalance ratio 2.5
[musk] imbalance ratio 2.6666666666666665
[musk] imbalance ratio 2.8333333333333335
[musk] imbalance ratio 2.4285714285714284
[musk] imbalance ratio 2.5714285714285716
[musk] imbalance ratio 2.7142857142857144
[musk] imbalance ratio 2.857142857142857
[musk] imbalance ratio 3.0
[musk] imbalance ratio 3.142857142857143
[musk] imbalance ratio 3.2857142857142856
[musk] imbalance ratio 3.4285714285714284
[musk] imbalance ratio 3.5714285714285716
[musk] imbalance ratio 3.7142857142857144
[musk] imbalance ratio 3.857142857142857
[musk] imbalance ratio 4.0
[musk] imbalance ratio 4.142857142857143
[musk] imbalance ratio 3.625
[musk] imbalance ratio 3.75
[musk] imbalance ratio 3.875
[musk] imbalance ratio 4.0
[musk] imbalance ratio 4.125
[musk] imbalance ratio 3.6666666666666665
[musk] imbalance ratio 3.3
[musk] imbalance ratio 3.4
[musk] imbalance ratio 3.5
[musk] imbalance ratio 3.6
[musk] imbalance ratio 1.0
[musk] imbalance ratio 2.0
[musk] imbalance ratio 1.0
[musk] imbalance ratio 1.5
[musk] imbalance ratio 1.0
[musk] imbalance ratio 1.3333333333333333
[musk] imbalance ratio 1.6666666666666667
[musk] imbalance ratio 2.0
[musk] imbalance ratio 1.5
[musk] imbalance ratio 1.75
[musk] imbalance ratio 2.0
[musk] imbalance ratio 2.25
[musk] imbalance ratio 2.5
[musk] imbalance ratio 2.75
[musk] imbalance ratio 2.2
[musk] imbalance ratio 2.4
[musk] imbalance ratio 2.0
[musk] imbalance ratio 2.1666666666666665
[musk] imbalance ratio 2.3333333333333335
[musk] imbalance ratio 2.5
[musk] imbalance ratio 2.6666666666666665
/usr/local/lib/python3.9/site-packages/sklearn/linear_model/_logistic.py:444: ConvergenceWarning: lbfgs failed to converge (status=1):
STOP: TOTAL NO. of ITERATIONS REACHED LIMIT.

Increase the number of iterations (max_iter) or scale the data as shown in:
    https://scikit-learn.org/stable/modules/preprocessing.html
Please also refer to the documentation for alternative solver options:
    https://scikit-learn.org/stable/modules/linear_model.html#logistic-regression
  n_iter_i = _check_optimize_result(
/usr/local/lib/python3.9/site-packages/sklearn/linear_model/_logistic.py:444: ConvergenceWarning: lbfgs failed to converge (status=1):
STOP: TOTAL NO. of ITERATIONS REACHED LIMIT.

Increase the number of iterations (max_iter) or scale the data as shown in:
    https://scikit-learn.org/stable/modules/preprocessing.html
Please also refer to the documentation for alternative solver options:
    https://scikit-learn.org/stable/modules/linear_model.html#logistic-regression
  n_iter_i = _check_optimize_result(
/usr/local/lib/python3.9/site-packages/sklearn/linear_model/_logistic.py:444: ConvergenceWarning: lbfgs failed to converge (status=1):
STOP: TOTAL NO. of ITERATIONS REACHED LIMIT.

Increase the number of iterations (max_iter) or scale the data as shown in:
    https://scikit-learn.org/stable/modules/preprocessing.html
Please also refer to the documentation for alternative solver options:
    https://scikit-learn.org/stable/modules/linear_model.html#logistic-regression
  n_iter_i = _check_optimize_result(
 30%|███       | 6/20 [30:35<1:09:56, 299.72s/it]/usr/local/lib/python3.9/site-packages/sklearn/linear_model/_logistic.py:444: ConvergenceWarning: lbfgs failed to converge (status=1):
STOP: TOTAL NO. of ITERATIONS REACHED LIMIT.

Increase the number of iterations (max_iter) or scale the data as shown in:
    https://scikit-learn.org/stable/modules/preprocessing.html
Please also refer to the documentation for alternative solver options:
    https://scikit-learn.org/stable/modules/linear_model.html#logistic-regression
  n_iter_i = _check_optimize_result(
 35%|███▌      | 7/20 [35:20<1:03:53, 294.87s/it] 40%|████      | 8/20 [41:45<1:04:40, 323.41s/it] 45%|████▌     | 9/20 [47:24<1:00:10, 328.26s/it]/usr/local/lib/python3.9/site-packages/sklearn/linear_model/_logistic.py:444: ConvergenceWarning: lbfgs failed to converge (status=1):
STOP: TOTAL NO. of ITERATIONS REACHED LIMIT.

Increase the number of iterations (max_iter) or scale the data as shown in:
    https://scikit-learn.org/stable/modules/preprocessing.html
Please also refer to the documentation for alternative solver options:
    https://scikit-learn.org/stable/modules/linear_model.html#logistic-regression
  n_iter_i = _check_optimize_result(
/usr/local/lib/python3.9/site-packages/sklearn/linear_model/_logistic.py:444: ConvergenceWarning: lbfgs failed to converge (status=1):
STOP: TOTAL NO. of ITERATIONS REACHED LIMIT.

Increase the number of iterations (max_iter) or scale the data as shown in:
    https://scikit-learn.org/stable/modules/preprocessing.html
Please also refer to the documentation for alternative solver options:
    https://scikit-learn.org/stable/modules/linear_model.html#logistic-regression
  n_iter_i = _check_optimize_result(
/usr/local/lib/python3.9/site-packages/sklearn/linear_model/_logistic.py:444: ConvergenceWarning: lbfgs failed to converge (status=1):
STOP: TOTAL NO. of ITERATIONS REACHED LIMIT.

Increase the number of iterations (max_iter) or scale the data as shown in:
    https://scikit-learn.org/stable/modules/preprocessing.html
Please also refer to the documentation for alternative solver options:
    https://scikit-learn.org/stable/modules/linear_model.html#logistic-regression
  n_iter_i = _check_optimize_result(
/usr/local/lib/python3.9/site-packages/sklearn/linear_model/_logistic.py:444: ConvergenceWarning: lbfgs failed to converge (status=1):
STOP: TOTAL NO. of ITERATIONS REACHED LIMIT.

Increase the number of iterations (max_iter) or scale the data as shown in:
    https://scikit-learn.org/stable/modules/preprocessing.html
Please also refer to the documentation for alternative solver options:
    https://scikit-learn.org/stable/modules/linear_model.html#logistic-regression
  n_iter_i = _check_optimize_result(
/usr/local/lib/python3.9/site-packages/sklearn/linear_model/_logistic.py:444: ConvergenceWarning: lbfgs failed to converge (status=1):
STOP: TOTAL NO. of ITERATIONS REACHED LIMIT.

Increase the number of iterations (max_iter) or scale the data as shown in:
    https://scikit-learn.org/stable/modules/preprocessing.html
Please also refer to the documentation for alternative solver options:
    https://scikit-learn.org/stable/modules/linear_model.html#logistic-regression
  n_iter_i = _check_optimize_result(
 50%|█████     | 10/20 [52:44<54:16, 325.61s/it] /usr/local/lib/python3.9/site-packages/sklearn/linear_model/_logistic.py:444: ConvergenceWarning: lbfgs failed to converge (status=1):
STOP: TOTAL NO. of ITERATIONS REACHED LIMIT.

Increase the number of iterations (max_iter) or scale the data as shown in:
    https://scikit-learn.org/stable/modules/preprocessing.html
Please also refer to the documentation for alternative solver options:
    https://scikit-learn.org/stable/modules/linear_model.html#logistic-regression
  n_iter_i = _check_optimize_result(
[musk] imbalance ratio 2.8333333333333335
[musk] imbalance ratio 3.0
[musk] imbalance ratio 3.1666666666666665
[musk] imbalance ratio 3.3333333333333335
[musk] imbalance ratio 3.5
[musk] imbalance ratio 3.6666666666666665
[musk] imbalance ratio 3.8333333333333335
[musk] imbalance ratio 4.0
[musk] imbalance ratio 3.4285714285714284
[musk] imbalance ratio 3.5714285714285716
[musk] imbalance ratio 3.7142857142857144
[musk] imbalance ratio 3.857142857142857
[musk] imbalance ratio 3.375
[musk] imbalance ratio 3.5
[musk] imbalance ratio 3.625
[musk] imbalance ratio 3.75
[musk] imbalance ratio 3.875
[musk] imbalance ratio 4.0
[musk] imbalance ratio 4.125
[musk] imbalance ratio 3.6666666666666665
[musk] imbalance ratio 3.7777777777777777
[musk] imbalance ratio 3.888888888888889
[musk] imbalance ratio 4.0
[musk] imbalance ratio 3.6
Another attempt to get labeled set
[musk] imbalance ratio 1.0
[musk] imbalance ratio 0.5
[musk] imbalance ratio 1.0
[musk] imbalance ratio 1.5
[musk] imbalance ratio 2.0
[musk] imbalance ratio 2.5
[musk] imbalance ratio 3.0
[musk] imbalance ratio 3.5
[musk] imbalance ratio 4.0
[musk] imbalance ratio 2.6666666666666665
[musk] imbalance ratio 3.0
[musk] imbalance ratio 2.25
[musk] imbalance ratio 2.5
[musk] imbalance ratio 2.75
[musk] imbalance ratio 3.0
[musk] imbalance ratio 3.25
[musk] imbalance ratio 3.5
[musk] imbalance ratio 3.75
[musk] imbalance ratio 4.0
[musk] imbalance ratio 3.2
[musk] imbalance ratio 2.6666666666666665
[musk] imbalance ratio 2.8333333333333335
[musk] imbalance ratio 3.0
[musk] imbalance ratio 3.1666666666666665
[musk] imbalance ratio 3.3333333333333335
[musk] imbalance ratio 3.5
[musk] imbalance ratio 3.6666666666666665
[musk] imbalance ratio 3.8333333333333335
[musk] imbalance ratio 4.0
[musk] imbalance ratio 4.166666666666667
[musk] imbalance ratio 4.333333333333333
[musk] imbalance ratio 4.5
[musk] imbalance ratio 4.666666666666667
[musk] imbalance ratio 4.0
[musk] imbalance ratio 4.142857142857143
[musk] imbalance ratio 3.625
[musk] imbalance ratio 3.75
[musk] imbalance ratio 3.875
[musk] imbalance ratio 4.0
[musk] imbalance ratio 4.125
[musk] imbalance ratio 4.25
[musk] imbalance ratio 4.375
[musk] imbalance ratio 4.5
[musk] imbalance ratio 4.625
[musk] imbalance ratio 4.75
[musk] imbalance ratio 1.0
[musk] imbalance ratio 0.5
[musk] imbalance ratio 1.0
[musk] imbalance ratio 1.5
[musk] imbalance ratio 1.0
[musk] imbalance ratio 1.3333333333333333
[musk] imbalance ratio 1.0
[musk] imbalance ratio 1.25
[musk] imbalance ratio 1.5
[musk] imbalance ratio 1.75
[musk] imbalance ratio 1.4
[musk] imbalance ratio 1.6
[musk] imbalance ratio 1.3333333333333333
[musk] imbalance ratio 1.1428571428571428
[musk] imbalance ratio 1.0
[musk] imbalance ratio 1.125
[musk] imbalance ratio 1.25
[musk] imbalance ratio 1.1111111111111112
[musk] imbalance ratio 1.2222222222222223
[musk] imbalance ratio 1.3333333333333333
[musk] imbalance ratio 1.4444444444444444
[musk] imbalance ratio 1.5555555555555556
[musk] imbalance ratio 1.6666666666666667
[musk] imbalance ratio 1.7777777777777777
[musk] imbalance ratio 1.6
[musk] imbalance ratio 1.4545454545454546
[musk] imbalance ratio 1.3333333333333333
[musk] imbalance ratio 1.4166666666666667
[musk] imbalance ratio 1.5
[musk] imbalance ratio 1.5833333333333333
[musk] imbalance ratio 1.6666666666666667
[musk] imbalance ratio 1.5384615384615385
[musk] imbalance ratio 1.6153846153846154
[musk] imbalance ratio 1.6923076923076923
[musk] imbalance ratio 1.7692307692307692
[musk] imbalance ratio 1.6428571428571428
[musk] imbalance ratio 1.7142857142857142
[musk] imbalance ratio 1.7857142857142858
[musk] imbalance ratio 1.8571428571428572
[musk] imbalance ratio 1.9285714285714286
[musk] imbalance ratio 2.0
[musk] imbalance ratio 2.0714285714285716
[musk] imbalance ratio 2.142857142857143
[musk] imbalance ratio 2.2142857142857144
[musk] imbalance ratio 2.2857142857142856
Another attempt to get labeled set
Another attempt to get labeled set
Another attempt to get labeled set
[musk] imbalance ratio 1.0
[musk] imbalance ratio 2.0
[musk] imbalance ratio 3.0
[musk] imbalance ratio 4.0
[musk] imbalance ratio 2.0
[musk] imbalance ratio 2.5
[musk] imbalance ratio 3.0
[musk] imbalance ratio 3.5
[musk] imbalance ratio 4.0
[musk] imbalance ratio 4.5
[musk] imbalance ratio 5.0
[musk] imbalance ratio 5.5
[musk] imbalance ratio 6.0
[musk] imbalance ratio 6.5
[musk] imbalance ratio 7.0
[musk] imbalance ratio 7.5
[musk] imbalance ratio 8.0
[musk] imbalance ratio 8.5
[musk] imbalance ratio 9.0
[musk] imbalance ratio 9.5
[musk] imbalance ratio 6.333333333333333
[musk] imbalance ratio 6.666666666666667
[musk] imbalance ratio 7.0
[musk] imbalance ratio 7.333333333333333
[musk] imbalance ratio 5.5
[musk] imbalance ratio 5.75
[musk] imbalance ratio 6.0
[musk] imbalance ratio 4.8
[musk] imbalance ratio 5.0
[musk] imbalance ratio 4.166666666666667
[musk] imbalance ratio 4.333333333333333
[musk] imbalance ratio 3.7142857142857144
[musk] imbalance ratio 3.857142857142857
[musk] imbalance ratio 4.0
[musk] imbalance ratio 4.142857142857143
[musk] imbalance ratio 4.285714285714286
[musk] imbalance ratio 4.428571428571429
[musk] imbalance ratio 4.571428571428571
[musk] imbalance ratio 4.714285714285714
[musk] imbalance ratio 4.857142857142857
[musk] imbalance ratio 5.0
[musk] imbalance ratio 5.142857142857143
[musk] imbalance ratio 5.285714285714286
[musk] imbalance ratio 5.428571428571429
[musk] imbalance ratio 5.571428571428571
Another attempt to get labeled set
[musk] imbalance ratio 1.0
[musk] imbalance ratio 2.0
[musk] imbalance ratio 3.0
[musk] imbalance ratio 4.0
[musk] imbalance ratio 5.0
[musk] imbalance ratio 2.5
[musk] imbalance ratio 3.0
[musk] imbalance ratio 2.0
[musk] imbalance ratio 2.3333333333333335
[musk] imbalance ratio 1.75
[musk] imbalance ratio 2.0
[musk] imbalance ratio 1.6
[musk] imbalance ratio 1.8
[musk] imbalance ratio 2.0
[musk] imbalance ratio 1.6666666666666667
[musk] imbalance ratio 1.8333333333333333
[musk] imbalance ratio 2.0
[musk] imbalance ratio 1.7142857142857142
[musk] imbalance ratio 1.8571428571428572
[musk] imbalance ratio 2.0
[musk] imbalance ratio 1.75
[musk] imbalance ratio 1.875
[musk] imbalance ratio 2.0
[musk] imbalance ratio 2.125
[musk] imbalance ratio 2.25
[musk] imbalance ratio 2.375
[musk] imbalance ratio 2.111111111111111
[musk] imbalance ratio 2.2222222222222223
[musk] imbalance ratio 2.3333333333333335
[musk] imbalance ratio 2.4444444444444446
[musk] imbalance ratio 2.5555555555555554
[musk] imbalance ratio 2.6666666666666665
[musk] imbalance ratio 2.7777777777777777
[musk] imbalance ratio 2.888888888888889
[musk] imbalance ratio 3.0
[musk] imbalance ratio 2.7
[musk] imbalance ratio 2.8
[musk] imbalance ratio 2.5454545454545454
[musk] imbalance ratio 2.6363636363636362
[musk] imbalance ratio 2.727272727272727
[musk] imbalance ratio 2.5
[musk] imbalance ratio 2.5833333333333335
[musk] imbalance ratio 2.6666666666666665
[musk] imbalance ratio 2.4615384615384617
[musk] imbalance ratio 2.5384615384615383
Another attempt to get labeled set
Another attempt to get labeled set
Another attempt to get labeled set
[musk] imbalance ratio 1.0
[musk] imbalance ratio 2.0
[musk] imbalance ratio 3.0
[musk] imbalance ratio 4.0
[musk] imbalance ratio 5.0
[musk] imbalance ratio 6.0
[musk] imbalance ratio 7.0
[musk] imbalance ratio 8.0
[musk] imbalance ratio 9.0
[musk] imbalance ratio 4.5
[musk] imbalance ratio 5.0
[musk] imbalance ratio 5.5
[musk] imbalance ratio 6.0
[musk] imbalance ratio 6.5
[musk] imbalance ratio 7.0
[musk] imbalance ratio 7.5
[musk] imbalance ratio 8.0
[musk] imbalance ratio 8.5
[musk] imbalance ratio 9.0
[musk] imbalance ratio 9.5
[musk] imbalance ratio 10.0
[musk] imbalance ratio 10.5
[musk] imbalance ratio 11.0
[musk] imbalance ratio 11.5
[musk] imbalance ratio 12.0
[musk] imbalance ratio 8.0
[musk] imbalance ratio 8.333333333333334
[musk] imbalance ratio 8.666666666666666
[musk] imbalance ratio 9.0
[musk] imbalance ratio 9.333333333333334
[musk] imbalance ratio 9.666666666666666
[musk] imbalance ratio 10.0
[musk] imbalance ratio 7.5
[musk] imbalance ratio 7.75
[musk] imbalance ratio 8.0
[musk] imbalance ratio 8.25
[musk] imbalance ratio 8.5
/usr/local/lib/python3.9/site-packages/sklearn/linear_model/_logistic.py:444: ConvergenceWarning: lbfgs failed to converge (status=1):
STOP: TOTAL NO. of ITERATIONS REACHED LIMIT.

Increase the number of iterations (max_iter) or scale the data as shown in:
    https://scikit-learn.org/stable/modules/preprocessing.html
Please also refer to the documentation for alternative solver options:
    https://scikit-learn.org/stable/modules/linear_model.html#logistic-regression
  n_iter_i = _check_optimize_result(
/usr/local/lib/python3.9/site-packages/sklearn/linear_model/_logistic.py:444: ConvergenceWarning: lbfgs failed to converge (status=1):
STOP: TOTAL NO. of ITERATIONS REACHED LIMIT.

Increase the number of iterations (max_iter) or scale the data as shown in:
    https://scikit-learn.org/stable/modules/preprocessing.html
Please also refer to the documentation for alternative solver options:
    https://scikit-learn.org/stable/modules/linear_model.html#logistic-regression
  n_iter_i = _check_optimize_result(
/usr/local/lib/python3.9/site-packages/sklearn/linear_model/_logistic.py:444: ConvergenceWarning: lbfgs failed to converge (status=1):
STOP: TOTAL NO. of ITERATIONS REACHED LIMIT.

Increase the number of iterations (max_iter) or scale the data as shown in:
    https://scikit-learn.org/stable/modules/preprocessing.html
Please also refer to the documentation for alternative solver options:
    https://scikit-learn.org/stable/modules/linear_model.html#logistic-regression
  n_iter_i = _check_optimize_result(
/usr/local/lib/python3.9/site-packages/sklearn/linear_model/_logistic.py:444: ConvergenceWarning: lbfgs failed to converge (status=1):
STOP: TOTAL NO. of ITERATIONS REACHED LIMIT.

Increase the number of iterations (max_iter) or scale the data as shown in:
    https://scikit-learn.org/stable/modules/preprocessing.html
Please also refer to the documentation for alternative solver options:
    https://scikit-learn.org/stable/modules/linear_model.html#logistic-regression
  n_iter_i = _check_optimize_result(
/usr/local/lib/python3.9/site-packages/sklearn/linear_model/_logistic.py:444: ConvergenceWarning: lbfgs failed to converge (status=1):
STOP: TOTAL NO. of ITERATIONS REACHED LIMIT.

Increase the number of iterations (max_iter) or scale the data as shown in:
    https://scikit-learn.org/stable/modules/preprocessing.html
Please also refer to the documentation for alternative solver options:
    https://scikit-learn.org/stable/modules/linear_model.html#logistic-regression
  n_iter_i = _check_optimize_result(
/usr/local/lib/python3.9/site-packages/sklearn/linear_model/_logistic.py:444: ConvergenceWarning: lbfgs failed to converge (status=1):
STOP: TOTAL NO. of ITERATIONS REACHED LIMIT.

Increase the number of iterations (max_iter) or scale the data as shown in:
    https://scikit-learn.org/stable/modules/preprocessing.html
Please also refer to the documentation for alternative solver options:
    https://scikit-learn.org/stable/modules/linear_model.html#logistic-regression
  n_iter_i = _check_optimize_result(
/usr/local/lib/python3.9/site-packages/sklearn/linear_model/_logistic.py:444: ConvergenceWarning: lbfgs failed to converge (status=1):
STOP: TOTAL NO. of ITERATIONS REACHED LIMIT.

Increase the number of iterations (max_iter) or scale the data as shown in:
    https://scikit-learn.org/stable/modules/preprocessing.html
Please also refer to the documentation for alternative solver options:
    https://scikit-learn.org/stable/modules/linear_model.html#logistic-regression
  n_iter_i = _check_optimize_result(
/usr/local/lib/python3.9/site-packages/sklearn/linear_model/_logistic.py:444: ConvergenceWarning: lbfgs failed to converge (status=1):
STOP: TOTAL NO. of ITERATIONS REACHED LIMIT.

Increase the number of iterations (max_iter) or scale the data as shown in:
    https://scikit-learn.org/stable/modules/preprocessing.html
Please also refer to the documentation for alternative solver options:
    https://scikit-learn.org/stable/modules/linear_model.html#logistic-regression
  n_iter_i = _check_optimize_result(
/usr/local/lib/python3.9/site-packages/sklearn/linear_model/_logistic.py:444: ConvergenceWarning: lbfgs failed to converge (status=1):
STOP: TOTAL NO. of ITERATIONS REACHED LIMIT.

Increase the number of iterations (max_iter) or scale the data as shown in:
    https://scikit-learn.org/stable/modules/preprocessing.html
Please also refer to the documentation for alternative solver options:
    https://scikit-learn.org/stable/modules/linear_model.html#logistic-regression
  n_iter_i = _check_optimize_result(
/usr/local/lib/python3.9/site-packages/sklearn/linear_model/_logistic.py:444: ConvergenceWarning: lbfgs failed to converge (status=1):
STOP: TOTAL NO. of ITERATIONS REACHED LIMIT.

Increase the number of iterations (max_iter) or scale the data as shown in:
    https://scikit-learn.org/stable/modules/preprocessing.html
Please also refer to the documentation for alternative solver options:
    https://scikit-learn.org/stable/modules/linear_model.html#logistic-regression
  n_iter_i = _check_optimize_result(
 55%|█████▌    | 11/20 [57:07<45:58, 306.48s/it] 60%|██████    | 12/20 [1:01:54<40:04, 300.58s/it] 65%|██████▌   | 13/20 [1:05:39<32:25, 277.92s/it] 70%|███████   | 14/20 [1:08:51<25:10, 251.70s/it]/usr/local/lib/python3.9/site-packages/sklearn/linear_model/_logistic.py:444: ConvergenceWarning: lbfgs failed to converge (status=1):
STOP: TOTAL NO. of ITERATIONS REACHED LIMIT.

Increase the number of iterations (max_iter) or scale the data as shown in:
    https://scikit-learn.org/stable/modules/preprocessing.html
Please also refer to the documentation for alternative solver options:
    https://scikit-learn.org/stable/modules/linear_model.html#logistic-regression
  n_iter_i = _check_optimize_result(
/usr/local/lib/python3.9/site-packages/sklearn/linear_model/_logistic.py:444: ConvergenceWarning: lbfgs failed to converge (status=1):
STOP: TOTAL NO. of ITERATIONS REACHED LIMIT.

Increase the number of iterations (max_iter) or scale the data as shown in:
    https://scikit-learn.org/stable/modules/preprocessing.html
Please also refer to the documentation for alternative solver options:
    https://scikit-learn.org/stable/modules/linear_model.html#logistic-regression
  n_iter_i = _check_optimize_result(
/usr/local/lib/python3.9/site-packages/sklearn/linear_model/_logistic.py:444: ConvergenceWarning: lbfgs failed to converge (status=1):
STOP: TOTAL NO. of ITERATIONS REACHED LIMIT.

Increase the number of iterations (max_iter) or scale the data as shown in:
    https://scikit-learn.org/stable/modules/preprocessing.html
Please also refer to the documentation for alternative solver options:
    https://scikit-learn.org/stable/modules/linear_model.html#logistic-regression
  n_iter_i = _check_optimize_result(
/usr/local/lib/python3.9/site-packages/sklearn/linear_model/_logistic.py:444: ConvergenceWarning: lbfgs failed to converge (status=1):
STOP: TOTAL NO. of ITERATIONS REACHED LIMIT.

Increase the number of iterations (max_iter) or scale the data as shown in:
    https://scikit-learn.org/stable/modules/preprocessing.html
Please also refer to the documentation for alternative solver options:
    https://scikit-learn.org/stable/modules/linear_model.html#logistic-regression
  n_iter_i = _check_optimize_result(
/usr/local/lib/python3.9/site-packages/sklearn/linear_model/_logistic.py:444: ConvergenceWarning: lbfgs failed to converge (status=1):
STOP: TOTAL NO. of ITERATIONS REACHED LIMIT.

Increase the number of iterations (max_iter) or scale the data as shown in:
    https://scikit-learn.org/stable/modules/preprocessing.html
Please also refer to the documentation for alternative solver options:
    https://scikit-learn.org/stable/modules/linear_model.html#logistic-regression
  n_iter_i = _check_optimize_result(
/usr/local/lib/python3.9/site-packages/sklearn/linear_model/_logistic.py:444: ConvergenceWarning: lbfgs failed to converge (status=1):
STOP: TOTAL NO. of ITERATIONS REACHED LIMIT.

Increase the number of iterations (max_iter) or scale the data as shown in:
    https://scikit-learn.org/stable/modules/preprocessing.html
Please also refer to the documentation for alternative solver options:
    https://scikit-learn.org/stable/modules/linear_model.html#logistic-regression
  n_iter_i = _check_optimize_result(
/usr/local/lib/python3.9/site-packages/sklearn/linear_model/_logistic.py:444: ConvergenceWarning: lbfgs failed to converge (status=1):
STOP: TOTAL NO. of ITERATIONS REACHED LIMIT.

Increase the number of iterations (max_iter) or scale the data as shown in:
    https://scikit-learn.org/stable/modules/preprocessing.html
Please also refer to the documentation for alternative solver options:
    https://scikit-learn.org/stable/modules/linear_model.html#logistic-regression
  n_iter_i = _check_optimize_result(
/usr/local/lib/python3.9/site-packages/sklearn/linear_model/_logistic.py:444: ConvergenceWarning: lbfgs failed to converge (status=1):
STOP: TOTAL NO. of ITERATIONS REACHED LIMIT.

Increase the number of iterations (max_iter) or scale the data as shown in:
    https://scikit-learn.org/stable/modules/preprocessing.html
Please also refer to the documentation for alternative solver options:
    https://scikit-learn.org/stable/modules/linear_model.html#logistic-regression
  n_iter_i = _check_optimize_result(
 75%|███████▌  | 15/20 [1:12:20<19:55, 239.08s/it] 80%|████████  | 16/20 [1:15:10<14:32, 218.14s/it][musk] imbalance ratio 8.75
[musk] imbalance ratio 9.0
[musk] imbalance ratio 9.25
[musk] imbalance ratio 9.5
[musk] imbalance ratio 9.75
[musk] imbalance ratio 7.8
[musk] imbalance ratio 8.0
[musk] imbalance ratio 8.2
[musk] imbalance ratio 1.0
[musk] imbalance ratio 0.5
[musk] imbalance ratio 1.0
[musk] imbalance ratio 0.6666666666666666
[musk] imbalance ratio 1.0
[musk] imbalance ratio 1.3333333333333333
[musk] imbalance ratio 1.6666666666666667
[musk] imbalance ratio 2.0
[musk] imbalance ratio 2.3333333333333335
[musk] imbalance ratio 2.6666666666666665
[musk] imbalance ratio 2.0
[musk] imbalance ratio 2.25
[musk] imbalance ratio 2.5
[musk] imbalance ratio 2.0
[musk] imbalance ratio 2.2
[musk] imbalance ratio 2.4
[musk] imbalance ratio 2.0
[musk] imbalance ratio 1.7142857142857142
[musk] imbalance ratio 1.8571428571428572
[musk] imbalance ratio 2.0
[musk] imbalance ratio 2.142857142857143
[musk] imbalance ratio 2.2857142857142856
[musk] imbalance ratio 2.4285714285714284
[musk] imbalance ratio 2.125
[musk] imbalance ratio 2.25
[musk] imbalance ratio 2.375
[musk] imbalance ratio 2.5
[musk] imbalance ratio 2.625
[musk] imbalance ratio 2.75
[musk] imbalance ratio 2.875
[musk] imbalance ratio 3.0
[musk] imbalance ratio 3.125
[musk] imbalance ratio 3.25
[musk] imbalance ratio 3.375
[musk] imbalance ratio 3.5
[musk] imbalance ratio 3.625
[musk] imbalance ratio 3.2222222222222223
[musk] imbalance ratio 3.3333333333333335
[musk] imbalance ratio 3.4444444444444446
[musk] imbalance ratio 3.1
[musk] imbalance ratio 3.2
[musk] imbalance ratio 3.3
[musk] imbalance ratio 3.4
[musk] imbalance ratio 3.090909090909091
[musk] imbalance ratio 3.1818181818181817
[musk] imbalance ratio 1.0
[musk] imbalance ratio 2.0
[musk] imbalance ratio 3.0
[musk] imbalance ratio 4.0
[musk] imbalance ratio 5.0
[musk] imbalance ratio 2.5
[musk] imbalance ratio 3.0
[musk] imbalance ratio 3.5
[musk] imbalance ratio 4.0
[musk] imbalance ratio 4.5
[musk] imbalance ratio 5.0
[musk] imbalance ratio 5.5
[musk] imbalance ratio 6.0
[musk] imbalance ratio 6.5
[musk] imbalance ratio 7.0
[musk] imbalance ratio 4.666666666666667
[musk] imbalance ratio 5.0
[musk] imbalance ratio 5.333333333333333
[musk] imbalance ratio 5.666666666666667
[musk] imbalance ratio 6.0
[musk] imbalance ratio 4.5
[musk] imbalance ratio 4.75
[musk] imbalance ratio 5.0
[musk] imbalance ratio 5.25
[musk] imbalance ratio 5.5
[musk] imbalance ratio 5.75
[musk] imbalance ratio 6.0
[musk] imbalance ratio 6.25
[musk] imbalance ratio 6.5
[musk] imbalance ratio 6.75
[musk] imbalance ratio 7.0
[musk] imbalance ratio 7.25
[musk] imbalance ratio 7.5
[musk] imbalance ratio 6.0
[musk] imbalance ratio 6.2
[musk] imbalance ratio 5.166666666666667
[musk] imbalance ratio 5.333333333333333
[musk] imbalance ratio 4.571428571428571
[musk] imbalance ratio 4.714285714285714
[musk] imbalance ratio 4.857142857142857
[musk] imbalance ratio 4.25
[musk] imbalance ratio 3.7777777777777777
[musk] imbalance ratio 3.888888888888889
[musk] imbalance ratio 4.0
[musk] imbalance ratio 4.111111111111111
Another attempt to get labeled set
Another attempt to get labeled set
[musk] imbalance ratio 1.0
[musk] imbalance ratio 2.0
[musk] imbalance ratio 3.0
[musk] imbalance ratio 1.5
[musk] imbalance ratio 1.0
[musk] imbalance ratio 1.3333333333333333
[musk] imbalance ratio 1.6666666666666667
[musk] imbalance ratio 1.25
[musk] imbalance ratio 1.5
[musk] imbalance ratio 1.75
[musk] imbalance ratio 2.0
[musk] imbalance ratio 2.25
[musk] imbalance ratio 1.8
[musk] imbalance ratio 2.0
[musk] imbalance ratio 2.2
[musk] imbalance ratio 2.4
[musk] imbalance ratio 2.6
[musk] imbalance ratio 2.1666666666666665
[musk] imbalance ratio 2.3333333333333335
[musk] imbalance ratio 2.5
[musk] imbalance ratio 2.6666666666666665
[musk] imbalance ratio 2.8333333333333335
[musk] imbalance ratio 3.0
[musk] imbalance ratio 3.1666666666666665
[musk] imbalance ratio 3.3333333333333335
[musk] imbalance ratio 3.5
[musk] imbalance ratio 3.6666666666666665
[musk] imbalance ratio 3.8333333333333335
[musk] imbalance ratio 4.0
[musk] imbalance ratio 4.166666666666667
[musk] imbalance ratio 4.333333333333333
[musk] imbalance ratio 4.5
[musk] imbalance ratio 4.666666666666667
[musk] imbalance ratio 4.833333333333333
[musk] imbalance ratio 5.0
[musk] imbalance ratio 5.166666666666667
[musk] imbalance ratio 5.333333333333333
[musk] imbalance ratio 5.5
[musk] imbalance ratio 5.666666666666667
[musk] imbalance ratio 5.833333333333333
[musk] imbalance ratio 5.0
[musk] imbalance ratio 5.142857142857143
[musk] imbalance ratio 5.285714285714286
[musk] imbalance ratio 5.428571428571429
[musk] imbalance ratio 5.571428571428571
Another attempt to get labeled set
Another attempt to get labeled set
Another attempt to get labeled set
[musk] imbalance ratio 1.0
[musk] imbalance ratio 2.0
[musk] imbalance ratio 3.0
[musk] imbalance ratio 4.0
[musk] imbalance ratio 2.0
[musk] imbalance ratio 2.5
[musk] imbalance ratio 3.0
[musk] imbalance ratio 3.5
[musk] imbalance ratio 4.0
[musk] imbalance ratio 4.5
[musk] imbalance ratio 3.0
[musk] imbalance ratio 3.3333333333333335
[musk] imbalance ratio 3.6666666666666665
[musk] imbalance ratio 4.0
[musk] imbalance ratio 4.333333333333333
[musk] imbalance ratio 4.666666666666667
[musk] imbalance ratio 5.0
[musk] imbalance ratio 5.333333333333333
[musk] imbalance ratio 5.666666666666667
[musk] imbalance ratio 6.0
[musk] imbalance ratio 6.333333333333333
[musk] imbalance ratio 6.666666666666667
[musk] imbalance ratio 7.0
[musk] imbalance ratio 7.333333333333333
[musk] imbalance ratio 7.666666666666667
[musk] imbalance ratio 8.0
[musk] imbalance ratio 6.0
[musk] imbalance ratio 6.25
[musk] imbalance ratio 6.5
[musk] imbalance ratio 6.75
[musk] imbalance ratio 7.0
[musk] imbalance ratio 5.6
[musk] imbalance ratio 4.666666666666667
[musk] imbalance ratio 4.833333333333333
[musk] imbalance ratio 5.0
[musk] imbalance ratio 5.166666666666667
[musk] imbalance ratio 4.428571428571429
[musk] imbalance ratio 4.571428571428571
[musk] imbalance ratio 4.714285714285714
[musk] imbalance ratio 4.857142857142857
[musk] imbalance ratio 5.0
[musk] imbalance ratio 5.142857142857143
[musk] imbalance ratio 4.5
[musk] imbalance ratio 4.0
[musk] imbalance ratio 4.111111111111111
Another attempt to get labeled set
Another attempt to get labeled set
Another attempt to get labeled set
Another attempt to get labeled set
[musk] imbalance ratio 1.0
[musk] imbalance ratio 2.0
[musk] imbalance ratio 3.0
[musk] imbalance ratio 4.0
[musk] imbalance ratio 5.0
[musk] imbalance ratio 6.0
[musk] imbalance ratio 3.0
[musk] imbalance ratio 3.5
[musk] imbalance ratio 4.0
[musk] imbalance ratio 4.5
[musk] imbalance ratio 5.0
[musk] imbalance ratio 5.5
[musk] imbalance ratio 6.0
[musk] imbalance ratio 4.0
[musk] imbalance ratio 4.333333333333333
[musk] imbalance ratio 4.666666666666667
[musk] imbalance ratio 5.0
[musk] imbalance ratio 5.333333333333333
[musk] imbalance ratio 5.666666666666667
[musk] imbalance ratio 6.0
[musk] imbalance ratio 6.333333333333333
[musk] imbalance ratio 6.666666666666667
[musk] imbalance ratio 7.0
[musk] imbalance ratio 7.333333333333333
[musk] imbalance ratio 7.666666666666667
[musk] imbalance ratio 8.0
[musk] imbalance ratio 8.333333333333334
[musk] imbalance ratio 8.666666666666666
[musk] imbalance ratio 9.0
[musk] imbalance ratio 9.333333333333334
[musk] imbalance ratio 9.666666666666666
[musk] imbalance ratio 7.25
[musk] imbalance ratio 7.5
[musk] imbalance ratio 7.75
[musk] imbalance ratio 8.0
[musk] imbalance ratio 8.25
[musk] imbalance ratio 8.5
[musk] imbalance ratio 8.75
[musk] imbalance ratio 9.0
[musk] imbalance ratio 9.25
[musk] imbalance ratio 7.4
[musk] imbalance ratio 7.6
[musk] imbalance ratio 6.333333333333333
[musk] imbalance ratio 6.5
[musk] imbalance ratio 6.666666666666667
Another attempt to get labeled set
[musk] imbalance ratio 1.0
[musk] imbalance ratio 2.0
[musk] imbalance ratio 3.0
[musk] imbalance ratio 1.5
[musk] imbalance ratio 1.0
[musk] imbalance ratio 1.3333333333333333
[musk] imbalance ratio 1.6666666666666667
[musk] imbalance ratio 2.0
[musk] imbalance ratio 2.3333333333333335
[musk] imbalance ratio 2.6666666666666665
/usr/local/lib/python3.9/site-packages/sklearn/linear_model/_logistic.py:444: ConvergenceWarning: lbfgs failed to converge (status=1):
STOP: TOTAL NO. of ITERATIONS REACHED LIMIT.

Increase the number of iterations (max_iter) or scale the data as shown in:
    https://scikit-learn.org/stable/modules/preprocessing.html
Please also refer to the documentation for alternative solver options:
    https://scikit-learn.org/stable/modules/linear_model.html#logistic-regression
  n_iter_i = _check_optimize_result(
/usr/local/lib/python3.9/site-packages/sklearn/linear_model/_logistic.py:444: ConvergenceWarning: lbfgs failed to converge (status=1):
STOP: TOTAL NO. of ITERATIONS REACHED LIMIT.

Increase the number of iterations (max_iter) or scale the data as shown in:
    https://scikit-learn.org/stable/modules/preprocessing.html
Please also refer to the documentation for alternative solver options:
    https://scikit-learn.org/stable/modules/linear_model.html#logistic-regression
  n_iter_i = _check_optimize_result(
/usr/local/lib/python3.9/site-packages/sklearn/linear_model/_logistic.py:444: ConvergenceWarning: lbfgs failed to converge (status=1):
STOP: TOTAL NO. of ITERATIONS REACHED LIMIT.

Increase the number of iterations (max_iter) or scale the data as shown in:
    https://scikit-learn.org/stable/modules/preprocessing.html
Please also refer to the documentation for alternative solver options:
    https://scikit-learn.org/stable/modules/linear_model.html#logistic-regression
  n_iter_i = _check_optimize_result(
/usr/local/lib/python3.9/site-packages/sklearn/linear_model/_logistic.py:444: ConvergenceWarning: lbfgs failed to converge (status=1):
STOP: TOTAL NO. of ITERATIONS REACHED LIMIT.

Increase the number of iterations (max_iter) or scale the data as shown in:
    https://scikit-learn.org/stable/modules/preprocessing.html
Please also refer to the documentation for alternative solver options:
    https://scikit-learn.org/stable/modules/linear_model.html#logistic-regression
  n_iter_i = _check_optimize_result(
/usr/local/lib/python3.9/site-packages/sklearn/linear_model/_logistic.py:444: ConvergenceWarning: lbfgs failed to converge (status=1):
STOP: TOTAL NO. of ITERATIONS REACHED LIMIT.

Increase the number of iterations (max_iter) or scale the data as shown in:
    https://scikit-learn.org/stable/modules/preprocessing.html
Please also refer to the documentation for alternative solver options:
    https://scikit-learn.org/stable/modules/linear_model.html#logistic-regression
  n_iter_i = _check_optimize_result(
/usr/local/lib/python3.9/site-packages/sklearn/linear_model/_logistic.py:444: ConvergenceWarning: lbfgs failed to converge (status=1):
STOP: TOTAL NO. of ITERATIONS REACHED LIMIT.

Increase the number of iterations (max_iter) or scale the data as shown in:
    https://scikit-learn.org/stable/modules/preprocessing.html
Please also refer to the documentation for alternative solver options:
    https://scikit-learn.org/stable/modules/linear_model.html#logistic-regression
  n_iter_i = _check_optimize_result(
/usr/local/lib/python3.9/site-packages/sklearn/linear_model/_logistic.py:444: ConvergenceWarning: lbfgs failed to converge (status=1):
STOP: TOTAL NO. of ITERATIONS REACHED LIMIT.

Increase the number of iterations (max_iter) or scale the data as shown in:
    https://scikit-learn.org/stable/modules/preprocessing.html
Please also refer to the documentation for alternative solver options:
    https://scikit-learn.org/stable/modules/linear_model.html#logistic-regression
  n_iter_i = _check_optimize_result(
/usr/local/lib/python3.9/site-packages/sklearn/linear_model/_logistic.py:444: ConvergenceWarning: lbfgs failed to converge (status=1):
STOP: TOTAL NO. of ITERATIONS REACHED LIMIT.

Increase the number of iterations (max_iter) or scale the data as shown in:
    https://scikit-learn.org/stable/modules/preprocessing.html
Please also refer to the documentation for alternative solver options:
    https://scikit-learn.org/stable/modules/linear_model.html#logistic-regression
  n_iter_i = _check_optimize_result(
 85%|████████▌ | 17/20 [1:17:55<10:06, 202.23s/it] 90%|█████████ | 18/20 [1:20:30<06:16, 188.05s/it]/usr/local/lib/python3.9/site-packages/sklearn/linear_model/_logistic.py:444: ConvergenceWarning: lbfgs failed to converge (status=1):
STOP: TOTAL NO. of ITERATIONS REACHED LIMIT.

Increase the number of iterations (max_iter) or scale the data as shown in:
    https://scikit-learn.org/stable/modules/preprocessing.html
Please also refer to the documentation for alternative solver options:
    https://scikit-learn.org/stable/modules/linear_model.html#logistic-regression
  n_iter_i = _check_optimize_result(
/usr/local/lib/python3.9/site-packages/sklearn/linear_model/_logistic.py:444: ConvergenceWarning: lbfgs failed to converge (status=1):
STOP: TOTAL NO. of ITERATIONS REACHED LIMIT.

Increase the number of iterations (max_iter) or scale the data as shown in:
    https://scikit-learn.org/stable/modules/preprocessing.html
Please also refer to the documentation for alternative solver options:
    https://scikit-learn.org/stable/modules/linear_model.html#logistic-regression
  n_iter_i = _check_optimize_result(
/usr/local/lib/python3.9/site-packages/sklearn/linear_model/_logistic.py:444: ConvergenceWarning: lbfgs failed to converge (status=1):
STOP: TOTAL NO. of ITERATIONS REACHED LIMIT.

Increase the number of iterations (max_iter) or scale the data as shown in:
    https://scikit-learn.org/stable/modules/preprocessing.html
Please also refer to the documentation for alternative solver options:
    https://scikit-learn.org/stable/modules/linear_model.html#logistic-regression
  n_iter_i = _check_optimize_result(
 95%|█████████▌| 19/20 [1:23:07<02:58, 178.54s/it]100%|██████████| 20/20 [1:25:39<00:00, 170.66s/it]100%|██████████| 20/20 [1:25:39<00:00, 256.97s/it]
[musk] imbalance ratio 3.0
[musk] imbalance ratio 3.3333333333333335
[musk] imbalance ratio 2.5
[musk] imbalance ratio 2.75
[musk] imbalance ratio 2.2
[musk] imbalance ratio 1.8333333333333333
[musk] imbalance ratio 1.5714285714285714
[musk] imbalance ratio 1.7142857142857142
[musk] imbalance ratio 1.5
[musk] imbalance ratio 1.625
[musk] imbalance ratio 1.4444444444444444
[musk] imbalance ratio 1.5555555555555556
[musk] imbalance ratio 1.6666666666666667
[musk] imbalance ratio 1.7777777777777777
[musk] imbalance ratio 1.6
[musk] imbalance ratio 1.7
[musk] imbalance ratio 1.5454545454545454
[musk] imbalance ratio 1.6363636363636365
[musk] imbalance ratio 1.5
[musk] imbalance ratio 1.5833333333333333
[musk] imbalance ratio 1.6666666666666667
[musk] imbalance ratio 1.75
[musk] imbalance ratio 1.8333333333333333
[musk] imbalance ratio 1.9166666666666667
[musk] imbalance ratio 2.0
[musk] imbalance ratio 2.0833333333333335
[musk] imbalance ratio 2.1666666666666665
[musk] imbalance ratio 2.0
[musk] imbalance ratio 2.076923076923077
[musk] imbalance ratio 1.9285714285714286
[musk] imbalance ratio 2.0
[musk] imbalance ratio 2.0714285714285716
[musk] imbalance ratio 2.142857142857143
[musk] imbalance ratio 2.2142857142857144
[musk] imbalance ratio 2.2857142857142856
Another attempt to get labeled set
Another attempt to get labeled set
[musk] imbalance ratio 1.0
[musk] imbalance ratio 0.5
[musk] imbalance ratio 0.3333333333333333
[musk] imbalance ratio 0.6666666666666666
[musk] imbalance ratio 1.0
[musk] imbalance ratio 1.3333333333333333
[musk] imbalance ratio 1.6666666666666667
[musk] imbalance ratio 2.0
[musk] imbalance ratio 2.3333333333333335
[musk] imbalance ratio 2.6666666666666665
[musk] imbalance ratio 3.0
[musk] imbalance ratio 3.3333333333333335
[musk] imbalance ratio 2.5
[musk] imbalance ratio 2.75
[musk] imbalance ratio 2.2
[musk] imbalance ratio 2.4
[musk] imbalance ratio 2.0
[musk] imbalance ratio 1.7142857142857142
[musk] imbalance ratio 1.8571428571428572
[musk] imbalance ratio 1.625
[musk] imbalance ratio 1.4444444444444444
[musk] imbalance ratio 1.5555555555555556
[musk] imbalance ratio 1.6666666666666667
[musk] imbalance ratio 1.7777777777777777
[musk] imbalance ratio 1.8888888888888888
[musk] imbalance ratio 2.0
[musk] imbalance ratio 2.111111111111111
[musk] imbalance ratio 1.9
[musk] imbalance ratio 2.0
[musk] imbalance ratio 2.1
[musk] imbalance ratio 2.2
[musk] imbalance ratio 2.3
[musk] imbalance ratio 2.4
[musk] imbalance ratio 2.5
[musk] imbalance ratio 2.6
[musk] imbalance ratio 2.7
[musk] imbalance ratio 2.8
[musk] imbalance ratio 2.9
[musk] imbalance ratio 3.0
[musk] imbalance ratio 3.1
[musk] imbalance ratio 3.2
[musk] imbalance ratio 3.3
[musk] imbalance ratio 3.4
[musk] imbalance ratio 3.5
[musk] imbalance ratio 3.1818181818181817
[musk] imbalance ratio 1.0
[musk] imbalance ratio 2.0
[musk] imbalance ratio 1.0
[musk] imbalance ratio 1.5
[musk] imbalance ratio 2.0
[musk] imbalance ratio 2.5
[musk] imbalance ratio 3.0
[musk] imbalance ratio 3.5
[musk] imbalance ratio 4.0
[musk] imbalance ratio 2.6666666666666665
[musk] imbalance ratio 3.0
[musk] imbalance ratio 2.25
[musk] imbalance ratio 2.5
[musk] imbalance ratio 2.0
[musk] imbalance ratio 2.2
[musk] imbalance ratio 1.8333333333333333
[musk] imbalance ratio 2.0
[musk] imbalance ratio 1.7142857142857142
[musk] imbalance ratio 1.5
[musk] imbalance ratio 1.625
[musk] imbalance ratio 1.75
[musk] imbalance ratio 1.875
[musk] imbalance ratio 2.0
[musk] imbalance ratio 2.125
[musk] imbalance ratio 2.25
[musk] imbalance ratio 2.375
[musk] imbalance ratio 2.5
[musk] imbalance ratio 2.625
[musk] imbalance ratio 2.75
[musk] imbalance ratio 2.875
[musk] imbalance ratio 2.5555555555555554
[musk] imbalance ratio 2.6666666666666665
[musk] imbalance ratio 2.7777777777777777
[musk] imbalance ratio 2.5
[musk] imbalance ratio 2.6
[musk] imbalance ratio 2.3636363636363638
[musk] imbalance ratio 2.1666666666666665
[musk] imbalance ratio 2.0
[musk] imbalance ratio 2.076923076923077
[musk] imbalance ratio 2.1538461538461537
[musk] imbalance ratio 2.230769230769231
[musk] imbalance ratio 2.0714285714285716
[musk] imbalance ratio 2.142857142857143
[musk] imbalance ratio 2.0
[musk] imbalance ratio 2.066666666666667
[musk] imbalance ratio 1.0
[musk] imbalance ratio 2.0
[musk] imbalance ratio 3.0
[musk] imbalance ratio 4.0
[musk] imbalance ratio 5.0
[musk] imbalance ratio 6.0
[musk] imbalance ratio 7.0
[musk] imbalance ratio 8.0
[musk] imbalance ratio 9.0
[musk] imbalance ratio 4.5
[musk] imbalance ratio 5.0
[musk] imbalance ratio 5.5
[musk] imbalance ratio 6.0
[musk] imbalance ratio 6.5
[musk] imbalance ratio 7.0
[musk] imbalance ratio 7.5
[musk] imbalance ratio 8.0
[musk] imbalance ratio 8.5
[musk] imbalance ratio 5.666666666666667
[musk] imbalance ratio 6.0
[musk] imbalance ratio 6.333333333333333
[musk] imbalance ratio 6.666666666666667
[musk] imbalance ratio 7.0
[musk] imbalance ratio 7.333333333333333
[musk] imbalance ratio 7.666666666666667
[musk] imbalance ratio 5.75
[musk] imbalance ratio 6.0
[musk] imbalance ratio 6.25
[musk] imbalance ratio 6.5
[musk] imbalance ratio 6.75
[musk] imbalance ratio 5.4
[musk] imbalance ratio 4.5
[musk] imbalance ratio 4.666666666666667
[musk] imbalance ratio 4.0
[musk] imbalance ratio 4.142857142857143
[musk] imbalance ratio 3.625
[musk] imbalance ratio 3.75
[musk] imbalance ratio 3.875
[musk] imbalance ratio 4.0
[musk] imbalance ratio 4.125
[musk] imbalance ratio 4.25
[musk] imbalance ratio 4.375
[musk] imbalance ratio 4.5
[musk] imbalance ratio 4.625
[musk] imbalance ratio 4.75
SL: 0.8576999999999998; UL: 0.59405; SSL: 0.8591999999999999; SelfT: 0.8435
